#
# There is insufficient memory for the Java Runtime Environment to continue.
# Native memory allocation (mmap) failed to map 232783872 bytes for G1 virtual space
# Possible reasons:
#   The system is out of physical RAM or swap space
#   The process is running with CompressedOops enabled, and the Java Heap may be blocking the growth of the native heap
# Possible solutions:
#   Reduce memory load on the system
#   Increase physical memory or swap space
#   Check if swap backing store is full
#   Decrease Java heap size (-Xmx/-Xms)
#   Decrease number of Java threads
#   Decrease Java thread stack sizes (-Xss)
#   Set larger code cache with -XX:ReservedCodeCacheSize=
#   JVM is running with Zero Based Compressed Oops mode in which the Java heap is
#     placed in the first 32GB address space. The Java Heap base address is the
#     maximum limit for the native heap growth. Please use -XX:HeapBaseMinAddress
#     to set the Java Heap base and to place the Java Heap above 32GB virtual address.
# This output file may be truncated or incomplete.
#
#  Out of Memory Error (os_windows.cpp:3829), pid=15456, tid=19684
#
# JRE version:  (17.0.8+7) (build )
# Java VM: OpenJDK 64-Bit Server VM (17.0.8+7-b1000.22, mixed mode, sharing, tiered, compressed oops, compressed class ptrs, g1 gc, windows-amd64)
# No core dump will be written. Minidumps are not enabled by default on client versions of Windows
#

---------------  S U M M A R Y ------------

Command Line: git4idea.http.GitAskPassApp Username for 'https://github.com': 

Host: AMD Ryzen 5 5600U with Radeon Graphics         , 12 cores, 13G,  Windows 11 , 64 bit Build 22621 (10.0.22621.2215)
Time: Sat Oct  7 20:26:15 2023 SE Asia Standard Time elapsed time: 0.015546 seconds (0d 0h 0m 0s)

---------------  T H R E A D  ---------------

Current thread (0x00000211db36d7a0):  JavaThread "Unknown thread" [_thread_in_vm, id=19684, stack(0x000000a335600000,0x000000a335700000)]

Stack: [0x000000a335600000,0x000000a335700000]
Native frames: (J=compiled Java code, j=interpreted, Vv=VM code, C=native code)
V  [jvm.dll+0x6852da]
V  [jvm.dll+0x844c84]
V  [jvm.dll+0x84659e]
V  [jvm.dll+0x846c03]
V  [jvm.dll+0x24b7cf]
V  [jvm.dll+0x682049]
V  [jvm.dll+0x67671a]
V  [jvm.dll+0x30be2b]
V  [jvm.dll+0x3132d6]
V  [jvm.dll+0x36302e]
V  [jvm.dll+0x36325f]
V  [jvm.dll+0x2e1f48]
V  [jvm.dll+0x2e2eb4]
V  [jvm.dll+0x815c11]
V  [jvm.dll+0x370df1]
V  [jvm.dll+0x7f4fdc]
V  [jvm.dll+0x3f3f1f]
V  [jvm.dll+0x3f5b31]
C  [jli.dll+0x528f]
C  [ucrtbase.dll+0x29363]
C  [KERNEL32.DLL+0x1257d]
C  [ntdll.dll+0x5aa68]


---------------  P R O C E S S  ---------------

Threads class SMR info:
_java_thread_list=0x00007ffd5e1b0098, length=0, elements={
}

Java Threads: ( => current thread )

Other Threads:
  0x00000211dd5084c0 GCTaskThread "GC Thread#0" [stack: 0x000000a335700000,0x000000a335800000] [id=936]
  0x00000211dd5173e0 ConcurrentGCThread "G1 Main Marker" [stack: 0x000000a335800000,0x000000a335900000] [id=18492]
  0x00000211dd519e00 ConcurrentGCThread "G1 Conc#0" [stack: 0x000000a335900000,0x000000a335a00000] [id=10768]

[error occurred during error reporting (printing all threads), id 0xc0000005, EXCEPTION_ACCESS_VIOLATION (0xc0000005) at pc=0x00007ffd5d962ab7]

VM state: not at safepoint (not fully initialized)

VM Mutex/Monitor currently owned by a thread:  ([mutex/lock_event])
[0x00000211dd4a6110] Heap_lock - owner thread: 0x00000211db36d7a0

Heap address: 0x0000000722400000, size: 3548 MB, Compressed Oops mode: Zero based, Oop shift amount: 3

CDS archive(s) mapped at: [0x0000000000000000-0x0000000000000000-0x0000000000000000), size 0, SharedBaseAddress: 0x0000000800000000, ArchiveRelocationMode: 1.
Narrow klass base: 0x0000000000000000, Narrow klass shift: 0, Narrow klass range: 0x0

GC Precious Log:
<Empty>

Heap:
 garbage-first heap   total 0K, used 0K [0x0000000722400000, 0x0000000800000000)
  region size 2048K, 0 young (0K), 0 survivors (0K)
 Metaspace       used 0K, committed 0K, reserved 0K
  class space    used 0K, committed 0K, reserved 0K

Heap Regions: E=young(eden), S=young(survivor), O=old, HS=humongous(starts), HC=humongous(continues), CS=collection set, F=free, OA=open archive, CA=closed archive, TAMS=top-at-mark-start (previous, next)

Card table byte_map: [0x00000211f0850000,0x00000211f0f40000] _byte_map_base: 0x00000211ecf3e000

Marking Bits (Prev, Next): (CMBitMap*) 0x00000211dd508ae0, (CMBitMap*) 0x00000211dd508b20
 Prev Bits: [0x00000211f1630000, 0x00000211f4da0000)
 Next Bits: [0x00000211f4da0000, 0x00000211f8510000)

GC Heap History (0 events):
No events

Dll operation events (1 events):
Event: 0.011 Loaded shared library C:\Program Files\JetBrains\IntelliJ IDEA 2023.2.2\jbr\bin\java.dll

Deoptimization events (0 events):
No events

Classes unloaded (0 events):
No events

Classes redefined (0 events):
No events

Internal exceptions (0 events):
No events

VM Operations (0 events):
No events

Events (0 events):
No events


Dynamic libraries:
0x00007ff669660000 - 0x00007ff66966a000 	C:\Program Files\JetBrains\IntelliJ IDEA 2023.2.2\jbr\bin\java.exe
0x00007ffdc03f0000 - 0x00007ffdc0604000 	C:\WINDOWS\SYSTEM32\ntdll.dll
0x00007ffdbe1b0000 - 0x00007ffdbe274000 	C:\WINDOWS\System32\KERNEL32.DLL
0x00007ffdbd990000 - 0x00007ffdbdd34000 	C:\WINDOWS\System32\KERNELBASE.dll
0x00007ffdbd7a0000 - 0x00007ffdbd8b1000 	C:\WINDOWS\System32\ucrtbase.dll
0x00007ffdab7c0000 - 0x00007ffdab7d7000 	C:\Program Files\JetBrains\IntelliJ IDEA 2023.2.2\jbr\bin\jli.dll
0x00007ffda5120000 - 0x00007ffda513b000 	C:\Program Files\JetBrains\IntelliJ IDEA 2023.2.2\jbr\bin\VCRUNTIME140.dll
0x00007ffdbf520000 - 0x00007ffdbf6ce000 	C:\WINDOWS\System32\USER32.dll
0x00007ffdbd8c0000 - 0x00007ffdbd8e6000 	C:\WINDOWS\System32\win32u.dll
0x00007ffda4b40000 - 0x00007ffda4dd3000 	C:\WINDOWS\WinSxS\amd64_microsoft.windows.common-controls_6595b64144ccf1df_6.0.22621.2215_none_270d72677387dfc3\COMCTL32.dll
0x00007ffdbe180000 - 0x00007ffdbe1a9000 	C:\WINDOWS\System32\GDI32.dll
0x00007ffdbe650000 - 0x00007ffdbe6f7000 	C:\WINDOWS\System32\msvcrt.dll
0x00007ffdbdf30000 - 0x00007ffdbe048000 	C:\WINDOWS\System32\gdi32full.dll
0x00007ffdbd8f0000 - 0x00007ffdbd98a000 	C:\WINDOWS\System32\msvcp_win.dll
0x00007ffdbef90000 - 0x00007ffdbefc1000 	C:\WINDOWS\System32\IMM32.DLL
0x00007ffdb43e0000 - 0x00007ffdb43ec000 	C:\Program Files\JetBrains\IntelliJ IDEA 2023.2.2\jbr\bin\vcruntime140_1.dll
0x00007ffd85120000 - 0x00007ffd851ad000 	C:\Program Files\JetBrains\IntelliJ IDEA 2023.2.2\jbr\bin\msvcp140.dll
0x00007ffd5d670000 - 0x00007ffd5e2f3000 	C:\Program Files\JetBrains\IntelliJ IDEA 2023.2.2\jbr\bin\server\jvm.dll
0x00007ffdbe730000 - 0x00007ffdbe7e0000 	C:\WINDOWS\System32\ADVAPI32.dll
0x00007ffdbeb30000 - 0x00007ffdbebd6000 	C:\WINDOWS\System32\sechost.dll
0x00007ffdbe4b0000 - 0x00007ffdbe5c7000 	C:\WINDOWS\System32\RPCRT4.dll
0x00007ffdbd670000 - 0x00007ffdbd6bd000 	C:\WINDOWS\SYSTEM32\POWRPROF.dll
0x00007ffda4f10000 - 0x00007ffda4f19000 	C:\WINDOWS\SYSTEM32\WSOCK32.dll
0x00007ffdb6550000 - 0x00007ffdb6584000 	C:\WINDOWS\SYSTEM32\WINMM.dll
0x00007ffdb23b0000 - 0x00007ffdb23ba000 	C:\WINDOWS\SYSTEM32\VERSION.dll
0x00007ffdc0120000 - 0x00007ffdc0191000 	C:\WINDOWS\System32\WS2_32.dll
0x00007ffdbd650000 - 0x00007ffdbd663000 	C:\WINDOWS\SYSTEM32\UMPDC.dll
0x00007ffdbc7f0000 - 0x00007ffdbc808000 	C:\WINDOWS\SYSTEM32\kernel.appcore.dll
0x00007ffdb3e70000 - 0x00007ffdb3e7a000 	C:\Program Files\JetBrains\IntelliJ IDEA 2023.2.2\jbr\bin\jimage.dll
0x00007ffdbaa10000 - 0x00007ffdbac3e000 	C:\WINDOWS\SYSTEM32\DBGHELP.DLL
0x00007ffdbebe0000 - 0x00007ffdbef6a000 	C:\WINDOWS\System32\combase.dll
0x00007ffdbe280000 - 0x00007ffdbe357000 	C:\WINDOWS\System32\OLEAUT32.dll
0x00007ffd9b230000 - 0x00007ffd9b262000 	C:\WINDOWS\SYSTEM32\dbgcore.DLL
0x00007ffdbdeb0000 - 0x00007ffdbdf2a000 	C:\WINDOWS\System32\bcryptPrimitives.dll
0x00007ffdac3b0000 - 0x00007ffdac3d5000 	C:\Program Files\JetBrains\IntelliJ IDEA 2023.2.2\jbr\bin\java.dll

dbghelp: loaded successfully - version: 4.0.5 - missing functions: none
symbol engine: initialized successfully - sym options: 0x614 - pdb path: .;C:\Program Files\JetBrains\IntelliJ IDEA 2023.2.2\jbr\bin;C:\WINDOWS\SYSTEM32;C:\WINDOWS\WinSxS\amd64_microsoft.windows.common-controls_6595b64144ccf1df_6.0.22621.2215_none_270d72677387dfc3;C:\Program Files\JetBrains\IntelliJ IDEA 2023.2.2\jbr\bin\server

VM Arguments:
java_command: git4idea.http.GitAskPassApp Username for 'https://github.com': 
java_class_path (initial): C:/Program Files/JetBrains/IntelliJ IDEA 2023.2.2/plugins/vcs-git/lib/git4idea-rt.jar;C:/Program Files/JetBrains/IntelliJ IDEA 2023.2.2/lib/externalProcess-rt.jar
Launcher Type: SUN_STANDARD

[Global flags]
     intx CICompilerCount                          = 4                                         {product} {ergonomic}
     uint ConcGCThreads                            = 3                                         {product} {ergonomic}
     uint G1ConcRefinementThreads                  = 10                                        {product} {ergonomic}
   size_t G1HeapRegionSize                         = 2097152                                   {product} {ergonomic}
    uintx GCDrainStackTargetSize                   = 64                                        {product} {ergonomic}
   size_t InitialHeapSize                          = 232783872                                 {product} {ergonomic}
   size_t MarkStackSize                            = 4194304                                   {product} {ergonomic}
   size_t MaxHeapSize                              = 3720347648                                {product} {ergonomic}
   size_t MinHeapDeltaBytes                        = 2097152                                   {product} {ergonomic}
   size_t MinHeapSize                              = 8388608                                   {product} {ergonomic}
    uintx NonNMethodCodeHeapSize                   = 5839372                                {pd product} {ergonomic}
    uintx NonProfiledCodeHeapSize                  = 122909434                              {pd product} {ergonomic}
    uintx ProfiledCodeHeapSize                     = 122909434                              {pd product} {ergonomic}
    uintx ReservedCodeCacheSize                    = 251658240                              {pd product} {ergonomic}
     bool SegmentedCodeCache                       = true                                      {product} {ergonomic}
   size_t SoftMaxHeapSize                          = 3720347648                             {manageable} {ergonomic}
     bool UseCompressedClassPointers               = true                           {product lp64_product} {ergonomic}
     bool UseCompressedOops                        = true                           {product lp64_product} {ergonomic}
     bool UseG1GC                                  = true                                      {product} {ergonomic}
     bool UseLargePagesIndividualAllocation        = false                                  {pd product} {ergonomic}

Logging:
Log output configuration:
 #0: stdout all=warning uptime,level,tags
 #1: stderr all=off uptime,level,tags

Environment Variables:
PATH=C:\Program Files\Git\mingw64\libexec\git-core;C:\Program Files\Git\mingw64\libexec\git-core;C:\Program Files\Git\mingw64\bin;C:\Program Files\Git\usr\bin;C:\Users\hyoeee.HYOEEE\bin;C:\Program Files\Common Files\Oracle\Java\javapath;C:\WINDOWS\system32;C:\WINDOWS;C:\WINDOWS\System32\Wbem;C:\WINDOWS\System32\WindowsPowerShell\v1.0;C:\WINDOWS\System32\OpenSSH;C:\Program Files\dotnet;C:\WINDOWS\system32;C:\WINDOWS;C:\WINDOWS\System32\Wbem;C:\WINDOWS\System32\WindowsPowerShell\v1.0;C:\WINDOWS\System32\OpenSSH;C:\Program Files\Git\cmd;C:\Users\hyoeee.HYOEEE\AppData\Local\Microsoft\WindowsApps;C:\Program Files\JetBrains\IntelliJ IDEA 2023.2.2\bin
USERNAME=hyoeee
DISPLAY=:0.0
LC_ALL=en_US.UTF-8
TERM=xterm-256color
TMPDIR=C:\Users\HYOEEE~1.HYO\AppData\Local\Temp
OS=Windows_NT
PROCESSOR_IDENTIFIER=AMD64 Family 25 Model 80 Stepping 0, AuthenticAMD
TMP=C:\Users\HYOEEE~1.HYO\AppData\Local\Temp
TEMP=C:\Users\HYOEEE~1.HYO\AppData\Local\Temp


JNI global refs:
JNI global refs: 0, weak refs: 0

JNI global refs memory usage: 0, weak refs: 0

OOME stack traces (most recent first):
Classloader memory used:


---------------  S Y S T E M  ---------------

OS:
 Windows 11 , 64 bit Build 22621 (10.0.22621.2215)
OS uptime: 10 days 12:16 hours

CPU: total 12 (initial active 12) (12 cores per cpu, 2 threads per core) family 25 model 80 stepping 0 microcode 0x0, cx8, cmov, fxsr, ht, mmx, 3dnowpref, sse, sse2, sse3, ssse3, sse4a, sse4.1, sse4.2, popcnt, lzcnt, tsc, tscinvbit, avx, avx2, aes, erms, clmul, bmi1, bmi2, adx, sha, fma, vzeroupper, clflush, clflushopt
Processor Information for processor 0
  Max Mhz: 2301, Current Mhz: 1913, Mhz Limit: 2301
Processor Information for processor 1
  Max Mhz: 2301, Current Mhz: 1783, Mhz Limit: 2301
Processor Information for processor 2
  Max Mhz: 2301, Current Mhz: 1783, Mhz Limit: 2301
Processor Information for processor 3
  Max Mhz: 2301, Current Mhz: 1783, Mhz Limit: 2301
Processor Information for processor 4
  Max Mhz: 2301, Current Mhz: 1913, Mhz Limit: 2301
Processor Information for processor 5
  Max Mhz: 2301, Current Mhz: 1783, Mhz Limit: 2301
Processor Information for processor 6
  Max Mhz: 2301, Current Mhz: 1783, Mhz Limit: 2301
Processor Information for processor 7
  Max Mhz: 2301, Current Mhz: 1783, Mhz Limit: 2301
Processor Information for processor 8
  Max Mhz: 2301, Current Mhz: 1783, Mhz Limit: 2301
Processor Information for processor 9
  Max Mhz: 2301, Current Mhz: 1783, Mhz Limit: 2301
Processor Information for processor 10
  Max Mhz: 2301, Current Mhz: 1783, Mhz Limit: 2301
Processor Information for processor 11
  Max Mhz: 2301, Current Mhz: 1783, Mhz Limit: 2301

Memory: 4k page, system-wide physical 14188M (4632M free)
TotalPageFile size 33455M (AvailPageFile size 43M)
current process WorkingSet (physical memory assigned to process): 11M, peak: 11M
current process commit charge ("private bytes"): 64M, peak: 286M

vm_info: OpenJDK 64-Bit Server VM (17.0.8+7-b1000.22) for windows-amd64 JRE (17.0.8+7-b1000.22), built on 2023-09-02 by "builduser" with MS VC++ 16.10 / 16.11 (VS2019)

END.
